2026-04-06T11:19:58.652Z [ERROR]: ❌ ML Server NOT reachable. Please start Flask server!
2026-04-06T12:24:47.103Z [ERROR]: ❌ ML ERROR (/heart): Unexpected token '<', "<!doctype "... is not valid JSON
2026-04-06T12:24:47.106Z [ERROR]: ❌ Error:
2026-04-06T12:38:50.260Z [ERROR]: ❌ ML ERROR (/liver): Unexpected token '<', "<!doctype "... is not valid JSON
2026-04-06T12:38:50.264Z [ERROR]: ❌ Error:
2026-04-06T12:41:03.803Z [ERROR]: ❌ ML ERROR (/liver): Unexpected token '<', "<!doctype "... is not valid JSON
2026-04-06T12:41:03.807Z [ERROR]: ❌ Error:
2026-04-06T12:51:17.541Z [ERROR]: ❌ ML ERROR (/liver): Unexpected token '<', "<!doctype "... is not valid JSON
2026-04-06T12:51:17.542Z [ERROR]: ❌ Error:
2026-04-06T13:00:43.384Z [ERROR]: ❌ ML ERROR (/kidney): Unexpected token '<', "<!doctype "... is not valid JSON
2026-04-06T13:00:43.389Z [ERROR]: ❌ Error:
2026-04-07T01:56:54.292Z [ERROR]: ❌ ML Server NOT reachable. Start Python server!
2026-04-07T02:25:05.469Z [ERROR]: ❌ ML ERROR (/liver): Unexpected token '<', "<!doctype "... is not valid JSON
2026-04-07T02:25:05.473Z [ERROR]: ❌ Error:
2026-04-07T02:25:26.793Z [ERROR]: ❌ ML ERROR (/diabetes): Unexpected token '<', "<!doctype "... is not valid JSON
2026-04-07T02:25:26.795Z [ERROR]: ❌ Error:
2026-04-07T02:27:34.707Z [ERROR]: ❌ ML ERROR (/stroke): Unexpected token '<', "<!doctype "... is not valid JSON
2026-04-07T02:27:34.712Z [ERROR]: ❌ Error:
2026-04-07T02:27:55.369Z [ERROR]: ❌ ML ERROR (/stroke): Unexpected token '<', "<!doctype "... is not valid JSON
2026-04-07T02:27:55.393Z [ERROR]: ❌ Error:
2026-04-07T02:46:17.465Z [ERROR]: ❌ ML ERROR (/heart): Unexpected token '<', "<!doctype "... is not valid JSON
2026-04-07T02:46:17.469Z [ERROR]: ❌ Error:
2026-04-07T02:52:08.515Z [ERROR]: ❌ ML ERROR (/heart): Unexpected token '<', "<!doctype "... is not valid JSON
2026-04-07T02:52:08.516Z [ERROR]: ❌ Error:
2026-04-07T02:53:53.288Z [ERROR]: ❌ ML ERROR (/heart): Unexpected token '<', "<!doctype "... is not valid JSON
2026-04-07T02:53:53.289Z [ERROR]: ❌ Error:
2026-04-07T03:43:45.832Z [ERROR]: ❌ ML ERROR (/liver): Unexpected token '<', "<!doctype "... is not valid JSON
2026-04-07T03:43:45.835Z [ERROR]: ❌ Error:
2026-04-07T03:46:22.534Z [ERROR]: ❌ ML ERROR (/heart): Unexpected token '<', "<!doctype "... is not valid JSON
2026-04-07T03:46:22.535Z [ERROR]: ❌ Error:
2026-04-07T03:46:31.502Z [ERROR]: ❌ ML ERROR (/heart): Unexpected token '<', "<!doctype "... is not valid JSON
2026-04-07T03:46:31.509Z [ERROR]: ❌ Error:
2026-04-07T03:52:37.204Z [ERROR]: ❌ ML ERROR (/liver): Unexpected token '<', "<!doctype "... is not valid JSON
2026-04-07T03:52:37.204Z [ERROR]: ❌ Error:
2026-04-07T03:57:59.065Z [ERROR]: ❌ ML ERROR (/liver): Unexpected token '<', "<!doctype "... is not valid JSON
2026-04-07T03:57:59.067Z [ERROR]: ❌ Error:
2026-04-07T04:07:11.964Z [ERROR]: ❌ ML ERROR (/kidney): Unexpected token '<', "<!doctype "... is not valid JSON
2026-04-07T04:07:11.966Z [ERROR]: ❌ Error:
2026-04-07T04:32:02.484Z [ERROR]: ❌ ML Server NOT reachable. Start Python server!
2026-04-07T11:02:37.192Z [ERROR]: ❌ ML ERROR (/heart): Unexpected token '<', "<!doctype "... is not valid JSON
2026-04-07T11:02:37.197Z [ERROR]: ❌ Error:
2026-04-07T11:04:05.160Z [ERROR]: ❌ ML ERROR (/heart): Unexpected token '<', "<!doctype "... is not valid JSON
2026-04-07T11:04:05.165Z [ERROR]: ❌ Error:
2026-04-07T11:05:19.074Z [ERROR]: ❌ ML ERROR (/heart): Unexpected token '<', "<!doctype "... is not valid JSON
2026-04-07T11:05:19.074Z [ERROR]: ❌ Error:
2026-04-07T11:07:11.388Z [ERROR]: ❌ ML ERROR (/heart): Unexpected token '<', "<!doctype "... is not valid JSON
2026-04-07T11:07:11.389Z [ERROR]: ❌ Error:
2026-04-07T11:16:29.396Z [ERROR]: ❌ ML ERROR (/heart): Unexpected token '<', "<!doctype "... is not valid JSON
2026-04-07T11:16:29.399Z [ERROR]: ❌ Error:
2026-04-07T11:17:21.082Z [ERROR]: ❌ ML Server NOT reachable. Start Python server!
2026-04-08T01:35:56.568Z [ERROR]: ❌ ML ERROR (/heart): Unexpected token '<', "<!doctype "... is not valid JSON
2026-04-08T01:35:56.571Z [ERROR]: ❌ Error:
2026-04-08T01:46:10.731Z [ERROR]: ❌ ML ERROR (/heart): Unexpected token '<', "<!doctype "... is not valid JSON
2026-04-08T01:46:10.732Z [ERROR]: ❌ Error:
2026-04-08T01:55:20.900Z [ERROR]: ❌ ML ERROR (/heart): Unexpected token '<', "<!doctype "... is not valid JSON
2026-04-08T01:55:20.905Z [ERROR]: ❌ Error:
2026-04-08T01:56:16.729Z [ERROR]: ❌ ML ERROR (/heart): Unexpected token '<', "<!doctype "... is not valid JSON
2026-04-08T01:56:16.730Z [ERROR]: ❌ Error:
2026-04-08T01:59:04.519Z [ERROR]: ❌ ML ERROR (/heart): Unexpected token '<', "<!doctype "... is not valid JSON
2026-04-08T01:59:04.526Z [ERROR]: ❌ Error:
2026-04-08T04:06:31.927Z [ERROR]: ❌ ML Server NOT reachable. Start Python server!
2026-04-08T08:30:26.872Z [ERROR]: ❌ ML Server NOT reachable. Start Python server!
2026-04-09T03:43:43.098Z [ERROR]: ❌ ML Server NOT reachable. Start Python server!
2026-04-09T04:07:09.255Z [ERROR]: ❌ ML ERROR (/stroke): Unexpected token '<', "<!doctype "... is not valid JSON
2026-04-09T04:07:09.260Z [ERROR]: ❌ Error:
2026-04-09T04:11:08.556Z [ERROR]: ❌ ML ERROR (/stroke): Unexpected token '<', "<!doctype "... is not valid JSON
2026-04-09T04:11:08.557Z [ERROR]: ❌ Error:
2026-04-09T04:12:15.167Z [ERROR]: ❌ ML ERROR (/stroke): Unexpected token '<', "<!doctype "... is not valid JSON
2026-04-09T04:12:15.168Z [ERROR]: ❌ Error:
2026-04-09T04:17:10.324Z [ERROR]: ❌ ML ERROR (/stroke): Unexpected token '<', "<!doctype "... is not valid JSON
2026-04-09T04:17:10.325Z [ERROR]: ❌ Error:
2026-04-09T04:19:23.850Z [ERROR]: ❌ ML ERROR (/stroke): Unexpected token '<', "<!doctype "... is not valid JSON
2026-04-09T04:19:23.850Z [ERROR]: ❌ Error:
2026-04-09T04:34:42.873Z [ERROR]: ❌ ML Server NOT reachable. Start Python server!
2026-04-09T11:17:08.679Z [ERROR]: ❌ ML Server NOT reachable. Start Python server!
2026-04-10T01:39:06.551Z [ERROR]: ❌ ML Server NOT reachable. Start Python server!
2026-04-10T03:55:14.145Z [ERROR]: ❌ ML Server NOT reachable. Start Python server!
2026-04-12T16:20:23.303Z [ERROR]: ❌ ML Server NOT reachable. Start Python server!
2026-04-12T20:20:58.975Z [ERROR]: ❌ ML Server NOT reachable. Start Python server!
